TN:
SF:app\(auth)\index.tsx
FN:25,LoginScreen
FN:32,(anonymous_1)
FN:44,(anonymous_2)
FN:71,(anonymous_3)
FN:139,(anonymous_4)
FNF:5
FNH:4
FNDA:8,LoginScreen
FNDA:2,(anonymous_1)
FNDA:2,(anonymous_2)
FNDA:0,(anonymous_3)
FNDA:1,(anonymous_4)
DA:26,8
DA:27,8
DA:29,8
DA:30,8
DA:32,8
DA:33,2
DA:34,1
DA:38,1
DA:41,1
DA:44,8
DA:45,2
DA:46,2
DA:49,2
DA:51,1
DA:52,1
DA:55,1
DA:58,2
DA:61,8
DA:71,0
DA:139,1
DA:151,1
LF:21
LH:20
BRDA:33,0,0,1
BRDA:33,0,1,1
BRDA:33,1,0,2
BRDA:33,1,1,1
BRDA:51,2,0,1
BRDA:51,2,1,0
BRDA:64,3,0,8
BRDA:64,3,1,0
BRDA:66,4,0,8
BRDA:66,4,1,0
BRF:10
BRH:7
end_of_record
TN:
SF:app\(auth)\register.tsx
FN:25,RegisterScreen
FN:34,(anonymous_1)
FN:54,(anonymous_2)
FN:165,(anonymous_3)
FNF:4
FNH:4
FNDA:15,RegisterScreen
FNDA:3,(anonymous_1)
FNDA:2,(anonymous_2)
FNDA:1,(anonymous_3)
DA:26,15
DA:27,15
DA:28,15
DA:29,15
DA:31,15
DA:32,15
DA:34,15
DA:35,3
DA:36,1
DA:40,1
DA:43,2
DA:44,1
DA:48,1
DA:51,1
DA:54,15
DA:55,2
DA:56,2
DA:59,2
DA:60,1
DA:62,1
DA:63,1
DA:72,1
DA:74,2
DA:77,15
DA:165,1
DA:177,1
LF:26
LH:26
BRDA:35,0,0,1
BRDA:35,0,1,2
BRDA:35,1,0,3
BRDA:35,1,1,2
BRDA:35,1,2,2
BRDA:35,1,3,2
BRDA:43,2,0,1
BRDA:43,2,1,1
BRDA:62,3,0,1
BRDA:62,3,1,0
BRDA:80,4,0,15
BRDA:80,4,1,0
BRDA:82,5,0,15
BRDA:82,5,1,0
BRF:14
BRH:11
end_of_record
TN:
SF:app\(user)\index.tsx
FN:11,HomeScreen
FNF:1
FNH:0
FNDA:0,HomeScreen
DA:12,0
DA:56,0
LF:2
LH:0
BRF:0
BRH:0
end_of_record
TN:
SF:components\Collapsible.tsx
FN:10,Collapsible
FN:18,(anonymous_1)
FN:18,(anonymous_2)
FNF:3
FNH:0
FNDA:0,Collapsible
FNDA:0,(anonymous_1)
FNDA:0,(anonymous_2)
DA:11,0
DA:12,0
DA:14,0
DA:18,0
DA:35,0
LF:5
LH:0
BRDA:12,0,0,0
BRDA:12,0,1,0
BRDA:24,1,0,0
BRDA:24,1,1,0
BRDA:25,2,0,0
BRDA:25,2,1,0
BRDA:30,3,0,0
BRDA:30,3,1,0
BRF:8
BRH:0
end_of_record
TN:
SF:components\ExternalLink.tsx
FN:8,ExternalLink
FN:14,(anonymous_1)
FNF:2
FNH:0
FNDA:0,ExternalLink
FNDA:0,(anonymous_1)
DA:9,0
DA:15,0
DA:17,0
DA:19,0
LF:4
LH:0
BRDA:15,0,0,0
BRDA:15,0,1,0
BRF:2
BRH:0
end_of_record
TN:
SF:components\HapticTab.tsx
FN:5,HapticTab
FN:9,(anonymous_1)
FNF:2
FNH:0
FNDA:0,HapticTab
FNDA:0,(anonymous_1)
DA:6,0
DA:10,0
DA:12,0
DA:14,0
LF:4
LH:0
BRDA:10,0,0,0
BRDA:10,0,1,0
BRF:2
BRH:0
end_of_record
TN:
SF:components\ParallaxScrollView.tsx
FN:21,ParallaxScrollView
FN:30,(anonymous_1)
FNF:2
FNH:2
FNDA:1,ParallaxScrollView
FNDA:1,(anonymous_1)
DA:14,1
DA:26,1
DA:27,1
DA:28,1
DA:29,1
DA:30,1
DA:31,1
DA:51,1
DA:72,1
LF:9
LH:9
BRDA:26,0,0,1
BRDA:26,0,1,0
BRF:2
BRH:1
end_of_record
TN:
SF:components\Spinner.tsx
FN:3,(anonymous_0)
FNF:1
FNH:1
FNDA:1,(anonymous_0)
DA:3,3
DA:4,1
DA:18,3
LF:3
LH:3
BRF:0
BRH:0
end_of_record
TN:
SF:components\ThemedText.tsx
FN:18,ThemedText
FNF:1
FNH:1
FNDA:99,ThemedText
DA:25,99
DA:27,99
DA:44,3
LF:3
LH:3
BRDA:22,0,0,93
BRDA:31,1,0,94
BRDA:31,1,1,5
BRDA:32,2,0,1
BRDA:32,2,1,98
BRDA:33,3,0,1
BRDA:33,3,1,98
BRDA:34,4,0,1
BRDA:34,4,1,98
BRDA:35,5,0,1
BRDA:35,5,1,98
BRDA:36,6,0,1
BRDA:36,6,1,98
BRF:13
BRH:13
end_of_record
TN:
SF:components\ThemedTextInput.tsx
FN:11,ThemedTextInput
FNF:1
FNH:1
FNDA:78,ThemedTextInput
DA:19,78
DA:23,78
DA:28,78
LF:3
LH:3
BRF:0
BRH:0
end_of_record
TN:
SF:components\ThemedView.tsx
FN:10,ThemedView
FNF:1
FNH:1
FNDA:27,ThemedView
DA:11,27
DA:13,27
LF:2
LH:2
BRF:0
BRH:0
end_of_record
TN:
SF:components\ui\IconSymbol.ios.tsx
FN:4,IconSymbol
FNF:1
FNH:0
FNDA:0,IconSymbol
DA:17,0
LF:1
LH:0
BRDA:6,0,0,0
BRDA:9,1,0,0
BRF:2
BRH:0
end_of_record
TN:
SF:components\ui\IconSymbol.tsx
FN:28,IconSymbol
FNF:1
FNH:0
FNDA:0,IconSymbol
DA:16,0
DA:40,0
LF:2
LH:0
BRDA:30,0,0,0
BRF:1
BRH:0
end_of_record
TN:
SF:components\ui\TabBarBackground.ios.tsx
FN:5,BlurTabBarBackground
FN:17,useBottomTabOverflow
FNF:2
FNH:0
FNDA:0,BlurTabBarBackground
FNDA:0,useBottomTabOverflow
DA:6,0
DA:18,0
LF:2
LH:0
BRF:0
BRH:0
end_of_record
TN:
SF:components\ui\TabBarBackground.tsx
FN:4,useBottomTabOverflow
FNF:1
FNH:0
FNDA:0,useBottomTabOverflow
DA:5,0
LF:1
LH:0
BRF:0
BRH:0
end_of_record
TN:
SF:store\baseApi.ts
FNF:0
FNH:0
DA:1,1
LF:1
LH:1
BRF:0
BRH:0
end_of_record
TN:
SF:store\useAuthStore.ts
FN:38,(anonymous_0)
FN:43,(anonymous_1)
FN:85,(anonymous_2)
FN:131,(anonymous_3)
FN:170,(anonymous_4)
FNF:5
FNH:5
FNDA:1,(anonymous_0)
FNDA:4,(anonymous_1)
FNDA:4,(anonymous_2)
FNDA:4,(anonymous_3)
FNDA:4,(anonymous_4)
DA:38,1
DA:44,4
DA:45,4
DA:46,4
DA:53,1
DA:55,1
DA:60,3
DA:61,2
DA:63,2
DA:64,1
DA:67,2
DA:72,2
DA:74,1
DA:78,1
DA:81,4
DA:86,4
DA:87,4
DA:88,4
DA:99,1
DA:101,1
DA:106,3
DA:107,2
DA:109,2
DA:110,1
DA:113,2
DA:118,2
DA:120,1
DA:124,1
DA:127,4
DA:132,4
DA:133,4
DA:134,4
DA:140,1
DA:142,1
DA:144,1
DA:149,3
DA:150,2
DA:152,2
DA:157,2
DA:159,1
DA:163,1
DA:166,4
DA:171,4
DA:172,4
DA:173,4
DA:181,1
DA:183,1
DA:188,3
DA:189,2
DA:191,2
DA:196,2
DA:198,1
DA:202,1
DA:205,4
LF:54
LH:54
BRDA:50,0,0,4
BRDA:50,0,1,3
BRDA:60,1,0,2
BRDA:60,1,1,1
BRDA:63,2,0,1
BRDA:63,2,1,1
BRDA:69,3,0,2
BRDA:69,3,1,1
BRDA:95,4,0,4
BRDA:95,4,1,3
BRDA:106,5,0,2
BRDA:106,5,1,1
BRDA:109,6,0,1
BRDA:109,6,1,1
BRDA:115,7,0,2
BRDA:115,7,1,1
BRDA:137,8,0,4
BRDA:137,8,1,3
BRDA:149,9,0,2
BRDA:149,9,1,1
BRDA:154,10,0,2
BRDA:154,10,1,1
BRDA:177,11,0,4
BRDA:177,11,1,3
BRDA:188,12,0,2
BRDA:188,12,1,1
BRDA:193,13,0,2
BRDA:193,13,1,1
BRF:28
BRH:28
end_of_record
